<?xml version="1.0" encoding="UTF-8"?>
<!-- Generated by org.testng.reporters.JUnitReportReporter -->
<testsuite hostname="DESKTOP-LAA6M61" failures="0" tests="1" name="com.SauceDemo.TestClasses.TS01VarifyLoginFunctionalityTestClassJuly31" time="20.122" errors="0" timestamp="2022-08-15T00:07:08 IST" skipped="0">
  <testcase classname="com.SauceDemo.TestClasses.TS01VarifyLoginFunctionalityTestClassJuly31" name="VarifyLoginFunctionality" time="20.122"/>
  <system-out/>
</testsuite> <!-- com.SauceDemo.TestClasses.TS01VarifyLoginFunctionalityTestClassJuly31 -->
